Post Processor Report
OrCAD FILE: C:\DOCUMENTS AND SETTINGS\JUANBALA\ESCRITORIO\ORCAD\RESPIRADOR HGGM-UC3M.MAX
Fri Apr 17 00:33:25 2020

*********************************************************

Output file: C:\DOCUMENTS AND SETTINGS\JUANBALA\ESCRITORIO\ORCAD\RESPIRADOR HGGM-UC3M.TOP

Aperture totals for C:\DOCUMENTS AND SETTINGS\JUANBALA\ESCRITORIO\ORCAD\RESPIRADOR HGGM-UC3M.TOP:
---------------------------------------------------------
D10:  0.1500 ROUND  --       0 Draws,       2 Flashes
D11:  0.1500 SQUARE --       0 Draws,       2 Flashes
D12:  0.0800 x 0.1000 OBLONG    -----      10 Flashes
D13:  0.0800 x 0.1000 RECTANGLE -----       8 Flashes
D14:  0.0640 ROUND  --       0 Draws,     114 Flashes
D15:  0.0640 SQUARE --       0 Draws,       4 Flashes
D16:  0.1000 ROUND  --       0 Draws,       6 Flashes
D17:  0.1000 SQUARE --       0 Draws,       2 Flashes
D18:  0.0880 ROUND  --       0 Draws,      29 Flashes
D19:  0.0880 SQUARE --       0 Draws,       7 Flashes
D20:  0.0460 x 0.0580 RECTANGLE -----       2 Flashes
D21:  0.0720 x 0.0460 RECTANGLE -----       6 Flashes
D22:  0.0460 x 0.0720 RECTANGLE -----      12 Flashes
D23:  0.0410 x 0.0560 RECTANGLE -----      14 Flashes
D24:  0.0580 x 0.0460 RECTANGLE -----      12 Flashes
D25:  0.0380 x 0.0370 RECTANGLE -----      12 Flashes
D26:  0.0370 x 0.0380 RECTANGLE -----      22 Flashes
D27:  0.0700 x 0.0560 RECTANGLE -----       4 Flashes
D28:  0.0700 x 0.0880 RECTANGLE -----       8 Flashes
D29:  0.0760 ROUND  --       0 Draws,      12 Flashes
D30:  0.3000 ROUND  --       0 Draws,       6 Flashes
D31:  0.1000 x 0.0800 OBLONG    -----      14 Flashes
D32:  0.1000 x 0.0800 RECTANGLE -----       5 Flashes
D33:  0.0760 SQUARE --       0 Draws,       4 Flashes
D34:  0.1300 x 0.0520 RECTANGLE -----       2 Flashes
D35:  0.0500 x 0.0520 RECTANGLE -----      12 Flashes
D36:  0.2900 ROUND  --       0 Draws,       4 Flashes
D37:  0.0260 x 0.0480 RECTANGLE -----       3 Flashes
D38:  0.1200 x 0.0800 OBLONG    -----       4 Flashes
D39:  0.1200 x 0.0800 RECTANGLE -----       2 Flashes
D40:  0.0800 x 0.1200 OBLONG    -----       4 Flashes
D41:  0.0800 x 0.1200 RECTANGLE -----       2 Flashes
D42:  0.0450 x 0.0700 RECTANGLE -----       6 Flashes
D43:  0.0700 x 0.0450 RECTANGLE -----       2 Flashes
D44:  0.0320 x 0.0380 RECTANGLE -----      30 Flashes
D45:  0.0380 x 0.0320 RECTANGLE -----      64 Flashes
D46:  0.1330 x 0.0500 RECTANGLE -----       8 Flashes
D47:  0.1260 x 0.1000 RECTANGLE -----       4 Flashes
D48:  0.1200 x 0.0760 OBLONG    -----       4 Flashes
D49:  0.1200 x 0.0760 RECTANGLE -----       1 Flashes
D50:  0.0480 x 0.0240 RECTANGLE -----      30 Flashes
D51:  0.0240 x 0.0480 RECTANGLE -----      10 Flashes
D52:  0.0280 ROUND  --       0 Draws,     103 Flashes
D53:  0.0100 ROUND  --     647 Draws,       0 Flashes
D54:  0.0200 ROUND  --     360 Draws,       0 Flashes
D55:  0.0400 ROUND  --      95 Draws,       0 Flashes
D56:  0.0600 ROUND  --      57 Draws,       0 Flashes
D57:  0.0120 ROUND  --     160 Draws,       0 Flashes
D58:  0.0250 ROUND  --      37 Draws,       0 Flashes
D59:  0.0500 ROUND  --       0 Draws,       2 Flashes
D60:  0.0280 ROUND  --       0 Draws,       1 Flashes
D61:  0.0080 ROUND  --       1 Draws,       0 Flashes
---------------------------------------------------------
 52 D-Codes      -----    1357 Draws,     615 Flashes

*********************************************************

Output file: C:\DOCUMENTS AND SETTINGS\JUANBALA\ESCRITORIO\ORCAD\RESPIRADOR HGGM-UC3M.BOT

Aperture totals for C:\DOCUMENTS AND SETTINGS\JUANBALA\ESCRITORIO\ORCAD\RESPIRADOR HGGM-UC3M.BOT:
---------------------------------------------------------
D10:  0.1500 ROUND  --       0 Draws,       2 Flashes
D11:  0.1500 SQUARE --       0 Draws,       2 Flashes
D12:  0.0800 x 0.1000 OBLONG    -----      10 Flashes
D13:  0.0800 x 0.1000 RECTANGLE -----       8 Flashes
D14:  0.0640 ROUND  --       0 Draws,     114 Flashes
D15:  0.0640 SQUARE --       0 Draws,       4 Flashes
D16:  0.1000 ROUND  --       0 Draws,       6 Flashes
D17:  0.1000 SQUARE --       0 Draws,       2 Flashes
D18:  0.0880 ROUND  --       0 Draws,      29 Flashes
D19:  0.0880 SQUARE --       0 Draws,       7 Flashes
D29:  0.0760 ROUND  --       0 Draws,      12 Flashes
D30:  0.3000 ROUND  --       0 Draws,       6 Flashes
D31:  0.1000 x 0.0800 OBLONG    -----      14 Flashes
D32:  0.1000 x 0.0800 RECTANGLE -----       5 Flashes
D33:  0.0760 SQUARE --       0 Draws,       4 Flashes
D36:  0.2900 ROUND  --       0 Draws,       4 Flashes
D38:  0.1200 x 0.0800 OBLONG    -----       4 Flashes
D39:  0.1200 x 0.0800 RECTANGLE -----       2 Flashes
D40:  0.0800 x 0.1200 OBLONG    -----       4 Flashes
D41:  0.0800 x 0.1200 RECTANGLE -----       2 Flashes
D48:  0.1200 x 0.0760 OBLONG    -----       4 Flashes
D49:  0.1200 x 0.0760 RECTANGLE -----       1 Flashes
D52:  0.0280 ROUND  --       0 Draws,     103 Flashes
D53:  0.0100 ROUND  --    8047 Draws,       0 Flashes
D54:  0.0200 ROUND  --      14 Draws,       0 Flashes
D55:  0.0400 ROUND  --      48 Draws,       0 Flashes
D56:  0.0600 ROUND  --      10 Draws,       0 Flashes
D57:  0.0120 ROUND  --      51 Draws,       0 Flashes
D59:  0.0500 ROUND  --       0 Draws,       2 Flashes
D60:  0.0280 ROUND  --       0 Draws,       1 Flashes
D62:  0.0240 ROUND  --       1 Draws,       0 Flashes
---------------------------------------------------------
 31 D-Codes      -----    8171 Draws,     352 Flashes

*********************************************************

Output file: C:\DOCUMENTS AND SETTINGS\JUANBALA\ESCRITORIO\ORCAD\RESPIRADOR HGGM-UC3M.SMT

Aperture totals for C:\DOCUMENTS AND SETTINGS\JUANBALA\ESCRITORIO\ORCAD\RESPIRADOR HGGM-UC3M.SMT:
---------------------------------------------------------
D16:  0.1000 ROUND  --       0 Draws,      29 Flashes
D17:  0.1000 SQUARE --       0 Draws,       7 Flashes
D18:  0.0880 ROUND  --       0 Draws,      12 Flashes
D19:  0.0880 SQUARE --       0 Draws,       4 Flashes
D29:  0.0760 ROUND  --       0 Draws,     114 Flashes
D33:  0.0760 SQUARE --       0 Draws,       4 Flashes
D63:  0.1620 ROUND  --       0 Draws,       2 Flashes
D64:  0.1620 SQUARE --       0 Draws,       2 Flashes
D65:  0.0880 x 0.1080 OBLONG    -----      10 Flashes
D66:  0.0880 x 0.1080 RECTANGLE -----       8 Flashes
D67:  0.1120 ROUND  --       0 Draws,       6 Flashes
D68:  0.1120 SQUARE --       0 Draws,       2 Flashes
D69:  0.0540 x 0.0660 RECTANGLE -----       2 Flashes
D70:  0.0800 x 0.0540 RECTANGLE -----       6 Flashes
D71:  0.0540 x 0.0800 RECTANGLE -----      12 Flashes
D72:  0.0490 x 0.0640 RECTANGLE -----      14 Flashes
D73:  0.0660 x 0.0540 RECTANGLE -----      12 Flashes
D74:  0.0440 x 0.0430 RECTANGLE -----      12 Flashes
D75:  0.0430 x 0.0440 RECTANGLE -----      22 Flashes
D76:  0.0780 x 0.0640 RECTANGLE -----       4 Flashes
D77:  0.0800 x 0.0980 RECTANGLE -----       8 Flashes
D78:  0.3200 ROUND  --       0 Draws,       6 Flashes
D79:  0.1080 x 0.0880 OBLONG    -----      14 Flashes
D80:  0.1080 x 0.0880 RECTANGLE -----       5 Flashes
D81:  0.1380 x 0.0600 RECTANGLE -----       2 Flashes
D82:  0.0580 x 0.0600 RECTANGLE -----      12 Flashes
D83:  0.3100 ROUND  --       0 Draws,       4 Flashes
D84:  0.0360 x 0.0580 RECTANGLE -----       3 Flashes
D85:  0.1320 x 0.0920 OBLONG    -----       4 Flashes
D86:  0.1320 x 0.0920 RECTANGLE -----       2 Flashes
D87:  0.0920 x 0.1320 OBLONG    -----       4 Flashes
D88:  0.0920 x 0.1320 RECTANGLE -----       2 Flashes
D89:  0.0530 x 0.0780 RECTANGLE -----       6 Flashes
D90:  0.0780 x 0.0530 RECTANGLE -----       2 Flashes
D91:  0.0400 x 0.0460 RECTANGLE -----      30 Flashes
D92:  0.0460 x 0.0400 RECTANGLE -----      64 Flashes
D93:  0.1410 x 0.0580 RECTANGLE -----       8 Flashes
D94:  0.1360 x 0.1100 RECTANGLE -----       4 Flashes
D95:  0.1320 x 0.0880 OBLONG    -----       4 Flashes
D96:  0.1320 x 0.0880 RECTANGLE -----       1 Flashes
D97:  0.0580 x 0.0340 RECTANGLE -----      30 Flashes
D98:  0.0340 x 0.0580 RECTANGLE -----      10 Flashes
D99:  0.0360 ROUND  --       0 Draws,     103 Flashes
D100: 0.0580 ROUND  --       0 Draws,       2 Flashes
D101: 0.0360 ROUND  --       0 Draws,       1 Flashes
---------------------------------------------------------
 45 D-Codes      -----       0 Draws,     615 Flashes

*********************************************************

Output file: C:\DOCUMENTS AND SETTINGS\JUANBALA\ESCRITORIO\ORCAD\RESPIRADOR HGGM-UC3M.SMB

Aperture totals for C:\DOCUMENTS AND SETTINGS\JUANBALA\ESCRITORIO\ORCAD\RESPIRADOR HGGM-UC3M.SMB:
---------------------------------------------------------
D16:  0.1000 ROUND  --       0 Draws,      29 Flashes
D17:  0.1000 SQUARE --       0 Draws,       7 Flashes
D18:  0.0880 ROUND  --       0 Draws,      12 Flashes
D19:  0.0880 SQUARE --       0 Draws,       4 Flashes
D29:  0.0760 ROUND  --       0 Draws,     114 Flashes
D33:  0.0760 SQUARE --       0 Draws,       4 Flashes
D63:  0.1620 ROUND  --       0 Draws,       2 Flashes
D64:  0.1620 SQUARE --       0 Draws,       2 Flashes
D65:  0.0880 x 0.1080 OBLONG    -----      10 Flashes
D66:  0.0880 x 0.1080 RECTANGLE -----       8 Flashes
D67:  0.1120 ROUND  --       0 Draws,       6 Flashes
D68:  0.1120 SQUARE --       0 Draws,       2 Flashes
D78:  0.3200 ROUND  --       0 Draws,       6 Flashes
D79:  0.1080 x 0.0880 OBLONG    -----      14 Flashes
D80:  0.1080 x 0.0880 RECTANGLE -----       5 Flashes
D83:  0.3100 ROUND  --       0 Draws,       4 Flashes
D85:  0.1320 x 0.0920 OBLONG    -----       4 Flashes
D86:  0.1320 x 0.0920 RECTANGLE -----       2 Flashes
D87:  0.0920 x 0.1320 OBLONG    -----       4 Flashes
D88:  0.0920 x 0.1320 RECTANGLE -----       2 Flashes
D95:  0.1320 x 0.0880 OBLONG    -----       4 Flashes
D96:  0.1320 x 0.0880 RECTANGLE -----       1 Flashes
D99:  0.0360 ROUND  --       0 Draws,     103 Flashes
D100: 0.0580 ROUND  --       0 Draws,       2 Flashes
D101: 0.0360 ROUND  --       0 Draws,       1 Flashes
---------------------------------------------------------
 25 D-Codes      -----       0 Draws,     352 Flashes

*********************************************************

Output file: C:\DOCUMENTS AND SETTINGS\JUANBALA\ESCRITORIO\ORCAD\RESPIRADOR HGGM-UC3M.SST

Aperture totals for C:\DOCUMENTS AND SETTINGS\JUANBALA\ESCRITORIO\ORCAD\RESPIRADOR HGGM-UC3M.SST:
---------------------------------------------------------
D53:  0.0100 ROUND  --     534 Draws,       0 Flashes
D57:  0.0120 ROUND  --     376 Draws,       0 Flashes
D61:  0.0080 ROUND  --     916 Draws,       0 Flashes
D102: 0.0049 ROUND  --      32 Draws,       0 Flashes
D103: 0.0160 ROUND  --      61 Draws,       0 Flashes
D104: 0.0050 ROUND  --    2361 Draws,       0 Flashes
D105: 0.0060 ROUND  --     137 Draws,       0 Flashes
---------------------------------------------------------
  7 D-Codes      -----    4417 Draws,       0 Flashes

*********************************************************

Output file: C:\DOCUMENTS AND SETTINGS\JUANBALA\ESCRITORIO\ORCAD\RESPIRADOR HGGM-UC3M.AST

Aperture totals for C:\DOCUMENTS AND SETTINGS\JUANBALA\ESCRITORIO\ORCAD\RESPIRADOR HGGM-UC3M.AST:
---------------------------------------------------------
D10:  0.1500 ROUND  --       0 Draws,       2 Flashes
D11:  0.1500 SQUARE --       0 Draws,       2 Flashes
D12:  0.0800 x 0.1000 OBLONG    -----      10 Flashes
D13:  0.0800 x 0.1000 RECTANGLE -----       8 Flashes
D14:  0.0640 ROUND  --       0 Draws,       7 Flashes
D15:  0.0640 SQUARE --       0 Draws,       1 Flashes
D16:  0.1000 ROUND  --       0 Draws,       6 Flashes
D17:  0.1000 SQUARE --       0 Draws,       2 Flashes
D18:  0.0880 ROUND  --       0 Draws,      29 Flashes
D19:  0.0880 SQUARE --       0 Draws,       7 Flashes
D20:  0.0460 x 0.0580 RECTANGLE -----       2 Flashes
D21:  0.0720 x 0.0460 RECTANGLE -----       6 Flashes
D22:  0.0460 x 0.0720 RECTANGLE -----      12 Flashes
D23:  0.0410 x 0.0560 RECTANGLE -----      14 Flashes
D24:  0.0580 x 0.0460 RECTANGLE -----      12 Flashes
D25:  0.0380 x 0.0370 RECTANGLE -----      12 Flashes
D26:  0.0370 x 0.0380 RECTANGLE -----      22 Flashes
D27:  0.0700 x 0.0560 RECTANGLE -----       4 Flashes
D28:  0.0700 x 0.0880 RECTANGLE -----       8 Flashes
D29:  0.0760 ROUND  --       0 Draws,      12 Flashes
D31:  0.1000 x 0.0800 OBLONG    -----      14 Flashes
D32:  0.1000 x 0.0800 RECTANGLE -----       5 Flashes
D33:  0.0760 SQUARE --       0 Draws,       4 Flashes
D34:  0.1300 x 0.0520 RECTANGLE -----       2 Flashes
D35:  0.0500 x 0.0520 RECTANGLE -----      12 Flashes
D37:  0.0260 x 0.0480 RECTANGLE -----       3 Flashes
D38:  0.1200 x 0.0800 OBLONG    -----       4 Flashes
D39:  0.1200 x 0.0800 RECTANGLE -----       2 Flashes
D40:  0.0800 x 0.1200 OBLONG    -----       4 Flashes
D41:  0.0800 x 0.1200 RECTANGLE -----       2 Flashes
D42:  0.0450 x 0.0700 RECTANGLE -----       6 Flashes
D43:  0.0700 x 0.0450 RECTANGLE -----       2 Flashes
D44:  0.0320 x 0.0380 RECTANGLE -----      30 Flashes
D45:  0.0380 x 0.0320 RECTANGLE -----      64 Flashes
D46:  0.1330 x 0.0500 RECTANGLE -----       8 Flashes
D47:  0.1260 x 0.1000 RECTANGLE -----       4 Flashes
D48:  0.1200 x 0.0760 OBLONG    -----       4 Flashes
D49:  0.1200 x 0.0760 RECTANGLE -----       1 Flashes
D50:  0.0480 x 0.0240 RECTANGLE -----      30 Flashes
D51:  0.0240 x 0.0480 RECTANGLE -----      10 Flashes
D61:  0.0080 ROUND  --      44 Draws,       0 Flashes
D106: 0.0700 SQUARE --       0 Draws,       2 Flashes
D107: 0.0040 ROUND  --     199 Draws,       0 Flashes
D108: 0.0010 ROUND  --       4 Draws,       0 Flashes
---------------------------------------------------------
 44 D-Codes      -----     247 Draws,     391 Flashes

*********************************************************

Output file: C:\DOCUMENTS AND SETTINGS\JUANBALA\ESCRITORIO\ORCAD\RESPIRADOR HGGM-UC3M.DRD

Aperture totals for C:\DOCUMENTS AND SETTINGS\JUANBALA\ESCRITORIO\ORCAD\RESPIRADOR HGGM-UC3M.DRD:
---------------------------------------------------------
D53:  0.0100 ROUND  --    2452 Draws,       0 Flashes
D108: 0.0010 ROUND  --       8 Draws,       0 Flashes
---------------------------------------------------------
  2 D-Codes      -----    2460 Draws,       0 Flashes


*********************************************************

Aperture totals for entire project:
---------------------------------------------------------
D10:  0.1500 ROUND  --       0 Draws,       6 Flashes
D11:  0.1500 SQUARE --       0 Draws,       6 Flashes
D12:  0.0800 x 0.1000 OBLONG    -----      30 Flashes
D13:  0.0800 x 0.1000 RECTANGLE -----      24 Flashes
D14:  0.0640 ROUND  --       0 Draws,     235 Flashes
D15:  0.0640 SQUARE --       0 Draws,       9 Flashes
D16:  0.1000 ROUND  --       0 Draws,      76 Flashes
D17:  0.1000 SQUARE --       0 Draws,      20 Flashes
D18:  0.0880 ROUND  --       0 Draws,     111 Flashes
D19:  0.0880 SQUARE --       0 Draws,      29 Flashes
D20:  0.0460 x 0.0580 RECTANGLE -----       4 Flashes
D21:  0.0720 x 0.0460 RECTANGLE -----      12 Flashes
D22:  0.0460 x 0.0720 RECTANGLE -----      24 Flashes
D23:  0.0410 x 0.0560 RECTANGLE -----      28 Flashes
D24:  0.0580 x 0.0460 RECTANGLE -----      24 Flashes
D25:  0.0380 x 0.0370 RECTANGLE -----      24 Flashes
D26:  0.0370 x 0.0380 RECTANGLE -----      44 Flashes
D27:  0.0700 x 0.0560 RECTANGLE -----       8 Flashes
D28:  0.0700 x 0.0880 RECTANGLE -----      16 Flashes
D29:  0.0760 ROUND  --       0 Draws,     264 Flashes
D30:  0.3000 ROUND  --       0 Draws,      12 Flashes
D31:  0.1000 x 0.0800 OBLONG    -----      42 Flashes
D32:  0.1000 x 0.0800 RECTANGLE -----      15 Flashes
D33:  0.0760 SQUARE --       0 Draws,      20 Flashes
D34:  0.1300 x 0.0520 RECTANGLE -----       4 Flashes
D35:  0.0500 x 0.0520 RECTANGLE -----      24 Flashes
D36:  0.2900 ROUND  --       0 Draws,       8 Flashes
D37:  0.0260 x 0.0480 RECTANGLE -----       6 Flashes
D38:  0.1200 x 0.0800 OBLONG    -----      12 Flashes
D39:  0.1200 x 0.0800 RECTANGLE -----       6 Flashes
D40:  0.0800 x 0.1200 OBLONG    -----      12 Flashes
D41:  0.0800 x 0.1200 RECTANGLE -----       6 Flashes
D42:  0.0450 x 0.0700 RECTANGLE -----      12 Flashes
D43:  0.0700 x 0.0450 RECTANGLE -----       4 Flashes
D44:  0.0320 x 0.0380 RECTANGLE -----      60 Flashes
D45:  0.0380 x 0.0320 RECTANGLE -----     128 Flashes
D46:  0.1330 x 0.0500 RECTANGLE -----      16 Flashes
D47:  0.1260 x 0.1000 RECTANGLE -----       8 Flashes
D48:  0.1200 x 0.0760 OBLONG    -----      12 Flashes
D49:  0.1200 x 0.0760 RECTANGLE -----       3 Flashes
D50:  0.0480 x 0.0240 RECTANGLE -----      60 Flashes
D51:  0.0240 x 0.0480 RECTANGLE -----      20 Flashes
D52:  0.0280 ROUND  --       0 Draws,     206 Flashes
D53:  0.0100 ROUND  --   11680 Draws,       0 Flashes
D54:  0.0200 ROUND  --     374 Draws,       0 Flashes
D55:  0.0400 ROUND  --     143 Draws,       0 Flashes
D56:  0.0600 ROUND  --      67 Draws,       0 Flashes
D57:  0.0120 ROUND  --     587 Draws,       0 Flashes
D58:  0.0250 ROUND  --      37 Draws,       0 Flashes
D59:  0.0500 ROUND  --       0 Draws,       4 Flashes
D60:  0.0280 ROUND  --       0 Draws,       2 Flashes
D61:  0.0080 ROUND  --     961 Draws,       0 Flashes
D62:  0.0240 ROUND  --       1 Draws,       0 Flashes
D63:  0.1620 ROUND  --       0 Draws,       4 Flashes
D64:  0.1620 SQUARE --       0 Draws,       4 Flashes
D65:  0.0880 x 0.1080 OBLONG    -----      20 Flashes
D66:  0.0880 x 0.1080 RECTANGLE -----      16 Flashes
D67:  0.1120 ROUND  --       0 Draws,      12 Flashes
D68:  0.1120 SQUARE --       0 Draws,       4 Flashes
D69:  0.0540 x 0.0660 RECTANGLE -----       2 Flashes
D70:  0.0800 x 0.0540 RECTANGLE -----       6 Flashes
D71:  0.0540 x 0.0800 RECTANGLE -----      12 Flashes
D72:  0.0490 x 0.0640 RECTANGLE -----      14 Flashes
D73:  0.0660 x 0.0540 RECTANGLE -----      12 Flashes
D74:  0.0440 x 0.0430 RECTANGLE -----      12 Flashes
D75:  0.0430 x 0.0440 RECTANGLE -----      22 Flashes
D76:  0.0780 x 0.0640 RECTANGLE -----       4 Flashes
D77:  0.0800 x 0.0980 RECTANGLE -----       8 Flashes
D78:  0.3200 ROUND  --       0 Draws,      12 Flashes
D79:  0.1080 x 0.0880 OBLONG    -----      28 Flashes
D80:  0.1080 x 0.0880 RECTANGLE -----      10 Flashes
D81:  0.1380 x 0.0600 RECTANGLE -----       2 Flashes
D82:  0.0580 x 0.0600 RECTANGLE -----      12 Flashes
D83:  0.3100 ROUND  --       0 Draws,       8 Flashes
D84:  0.0360 x 0.0580 RECTANGLE -----       3 Flashes
D85:  0.1320 x 0.0920 OBLONG    -----       8 Flashes
D86:  0.1320 x 0.0920 RECTANGLE -----       4 Flashes
D87:  0.0920 x 0.1320 OBLONG    -----       8 Flashes
D88:  0.0920 x 0.1320 RECTANGLE -----       4 Flashes
D89:  0.0530 x 0.0780 RECTANGLE -----       6 Flashes
D90:  0.0780 x 0.0530 RECTANGLE -----       2 Flashes
D91:  0.0400 x 0.0460 RECTANGLE -----      30 Flashes
D92:  0.0460 x 0.0400 RECTANGLE -----      64 Flashes
D93:  0.1410 x 0.0580 RECTANGLE -----       8 Flashes
D94:  0.1360 x 0.1100 RECTANGLE -----       4 Flashes
D95:  0.1320 x 0.0880 OBLONG    -----       8 Flashes
D96:  0.1320 x 0.0880 RECTANGLE -----       2 Flashes
D97:  0.0580 x 0.0340 RECTANGLE -----      30 Flashes
D98:  0.0340 x 0.0580 RECTANGLE -----      10 Flashes
D99:  0.0360 ROUND  --       0 Draws,     206 Flashes
D100: 0.0580 ROUND  --       0 Draws,       4 Flashes
D101: 0.0360 ROUND  --       0 Draws,       2 Flashes
D102: 0.0049 ROUND  --      32 Draws,       0 Flashes
D103: 0.0160 ROUND  --      61 Draws,       0 Flashes
D104: 0.0050 ROUND  --    2361 Draws,       0 Flashes
D105: 0.0060 ROUND  --     137 Draws,       0 Flashes
D106: 0.0700 SQUARE --       0 Draws,       2 Flashes
D107: 0.0040 ROUND  --     199 Draws,       0 Flashes
D108: 0.0010 ROUND  --      12 Draws,       0 Flashes
---------------------------------------------------------
 99 D-Codes      -----   16652 Draws,    2325 Flashes


No warnings or errors.
